# JRE version: OpenJDK Runtime Environment Homebrew (17.0.16) (build 17.0.16+0)
# Java VM: OpenJDK 64-Bit Server VM Homebrew (17.0.16+0, mixed mode, sharing, tiered, compressed oops, compressed class ptrs, g1 gc, bsd-aarch64)
GC Precious Log:
 CPUs: 8 total, 8 available
 Memory: 16384M
 Large Page Support: Disabled
 NUMA Support: Disabled
 Compressed Oops: Enabled (Zero based)
 Heap Region Size: 1M
 Heap Min Capacity: 8M
 Heap Initial Capacity: 256M
 Heap Max Capacity: 1G
 Pre-touch: Disabled
 Parallel Workers: 8
 Concurrent Workers: 2
 Concurrent Refinement Workers: 8
 Periodic GC: Disabled
Heap:
 garbage-first heap   total 270336K, used 78674K [0x00000007c0000000, 0x0000000800000000)
  region size 1024K, 1 young (1024K), 0 survivors (0K)
 Metaspace       used 10363K, committed 10624K, reserved 1114112K
  class space    used 1506K, committed 1600K, reserved 1048576K
GC Heap History (20 events):
Event: 12151.019 GC heap before
{Heap before GC invocations=23169 (full 52):
 garbage-first heap   total 270336K, used 236424K [0x00000007c0000000, 0x0000000800000000)
  region size 1024K, 155 young (158720K), 1 survivors (1024K)
 Metaspace       used 10362K, committed 10624K, reserved 1114112K
  class space    used 1505K, committed 1600K, reserved 1048576K
}
Event: 12151.019 GC heap after
{Heap after GC invocations=23170 (full 52):
 garbage-first heap   total 270336K, used 78745K [0x00000007c0000000, 0x0000000800000000)
  region size 1024K, 1 young (1024K), 1 survivors (1024K)
 Metaspace       used 10362K, committed 10624K, reserved 1114112K
  class space    used 1505K, committed 1600K, reserved 1048576K
}
Event: 12151.817 GC heap before
{Heap before GC invocations=23170 (full 52):
 garbage-first heap   total 270336K, used 236441K [0x00000007c0000000, 0x0000000800000000)
  region size 1024K, 155 young (158720K), 1 survivors (1024K)
 Metaspace       used 10362K, committed 10624K, reserved 1114112K
  class space    used 1505K, committed 1600K, reserved 1048576K
}
Event: 12151.818 GC heap after
{Heap after GC invocations=23171 (full 52):
 garbage-first heap   total 270336K, used 78751K [0x00000007c0000000, 0x0000000800000000)
  region size 1024K, 1 young (1024K), 1 survivors (1024K)
 Metaspace       used 10362K, committed 10624K, reserved 1114112K
  class space    used 1505K, committed 1600K, reserved 1048576K
}
Event: 12152.569 GC heap before
{Heap before GC invocations=23171 (full 52):
 garbage-first heap   total 270336K, used 236447K [0x00000007c0000000, 0x0000000800000000)
  region size 1024K, 155 young (158720K), 1 survivors (1024K)
 Metaspace       used 10362K, committed 10624K, reserved 1114112K
  class space    used 1505K, committed 1600K, reserved 1048576K
}
Event: 12152.570 GC heap after
{Heap after GC invocations=23172 (full 52):
 garbage-first heap   total 270336K, used 78741K [0x00000007c0000000, 0x0000000800000000)
  region size 1024K, 1 young (1024K), 1 survivors (1024K)
 Metaspace       used 10362K, committed 10624K, reserved 1114112K
  class space    used 1505K, committed 1600K, reserved 1048576K
}
Event: 12153.317 GC heap before
{Heap before GC invocations=23172 (full 52):
 garbage-first heap   total 270336K, used 236437K [0x00000007c0000000, 0x0000000800000000)
  region size 1024K, 155 young (158720K), 1 survivors (1024K)
 Metaspace       used 10362K, committed 10624K, reserved 1114112K
  class space    used 1505K, committed 1600K, reserved 1048576K
}
Event: 12153.318 GC heap after
{Heap after GC invocations=23173 (full 52):
 garbage-first heap   total 270336K, used 78739K [0x00000007c0000000, 0x0000000800000000)
  region size 1024K, 1 young (1024K), 1 survivors (1024K)
 Metaspace       used 10362K, committed 10624K, reserved 1114112K
  class space    used 1505K, committed 1600K, reserved 1048576K
}
Event: 12154.063 GC heap before
{Heap before GC invocations=23173 (full 52):
 garbage-first heap   total 270336K, used 236435K [0x00000007c0000000, 0x0000000800000000)
  region size 1024K, 155 young (158720K), 1 survivors (1024K)
 Metaspace       used 10362K, committed 10624K, reserved 1114112K
  class space    used 1505K, committed 1600K, reserved 1048576K
}
Event: 12154.063 GC heap after
{Heap after GC invocations=23174 (full 52):
 garbage-first heap   total 270336K, used 78721K [0x00000007c0000000, 0x0000000800000000)
  region size 1024K, 1 young (1024K), 1 survivors (1024K)
 Metaspace       used 10362K, committed 10624K, reserved 1114112K
  class space    used 1505K, committed 1600K, reserved 1048576K
}
Event: 12680.344 GC heap before
{Heap before GC invocations=23174 (full 52):
 garbage-first heap   total 270336K, used 81793K [0x00000007c0000000, 0x0000000800000000)
  region size 1024K, 5 young (5120K), 1 survivors (1024K)
 Metaspace       used 10362K, committed 10624K, reserved 1114112K
  class space    used 1505K, committed 1600K, reserved 1048576K
}
Event: 12680.391 GC heap after
{Heap after GC invocations=23175 (full 53):
 garbage-first heap   total 270336K, used 78674K [0x00000007c0000000, 0x0000000800000000)
  region size 1024K, 0 young (0K), 0 survivors (0K)
 Metaspace       used 10362K, committed 10624K, reserved 1114112K
  class space    used 1505K, committed 1600K, reserved 1048576K
}
Event: 12682.811 GC heap before
{Heap before GC invocations=23175 (full 53):
 garbage-first heap   total 270336K, used 78674K [0x00000007c0000000, 0x0000000800000000)
  region size 1024K, 1 young (1024K), 0 survivors (0K)
 Metaspace       used 10362K, committed 10624K, reserved 1114112K
  class space    used 1505K, committed 1600K, reserved 1048576K
}
Event: 12682.837 GC heap after
{Heap after GC invocations=23176 (full 54):
 garbage-first heap   total 270336K, used 78674K [0x00000007c0000000, 0x0000000800000000)
  region size 1024K, 0 young (0K), 0 survivors (0K)
 Metaspace       used 10362K, committed 10624K, reserved 1114112K
  class space    used 1505K, committed 1600K, reserved 1048576K
}
Event: 12683.280 GC heap before
{Heap before GC invocations=23176 (full 54):
 garbage-first heap   total 270336K, used 78674K [0x00000007c0000000, 0x0000000800000000)
  region size 1024K, 1 young (1024K), 0 survivors (0K)
 Metaspace       used 10362K, committed 10624K, reserved 1114112K
  class space    used 1505K, committed 1600K, reserved 1048576K
}
Event: 12683.304 GC heap after
{Heap after GC invocations=23177 (full 55):
 garbage-first heap   total 270336K, used 78674K [0x00000007c0000000, 0x0000000800000000)
  region size 1024K, 0 young (0K), 0 survivors (0K)
 Metaspace       used 10362K, committed 10624K, reserved 1114112K
  class space    used 1505K, committed 1600K, reserved 1048576K
}
Event: 14351.463 GC heap before
{Heap before GC invocations=23177 (full 55):
 garbage-first heap   total 270336K, used 78674K [0x00000007c0000000, 0x0000000800000000)
  region size 1024K, 1 young (1024K), 0 survivors (0K)
 Metaspace       used 10362K, committed 10624K, reserved 1114112K
  class space    used 1505K, committed 1600K, reserved 1048576K
}
Event: 14351.523 GC heap after
{Heap after GC invocations=23178 (full 56):
 garbage-first heap   total 270336K, used 78674K [0x00000007c0000000, 0x0000000800000000)
  region size 1024K, 0 young (0K), 0 survivors (0K)
 Metaspace       used 10362K, committed 10624K, reserved 1114112K
  class space    used 1505K, committed 1600K, reserved 1048576K
}
Event: 14352.242 GC heap before
{Heap before GC invocations=23178 (full 56):
 garbage-first heap   total 270336K, used 78674K [0x00000007c0000000, 0x0000000800000000)
  region size 1024K, 1 young (1024K), 0 survivors (0K)
 Metaspace       used 10362K, committed 10624K, reserved 1114112K
  class space    used 1505K, committed 1600K, reserved 1048576K
}
Event: 14352.266 GC heap after
{Heap after GC invocations=23179 (full 57):
 garbage-first heap   total 270336K, used 78674K [0x00000007c0000000, 0x0000000800000000)
  region size 1024K, 0 young (0K), 0 survivors (0K)
 Metaspace       used 10362K, committed 10624K, reserved 1114112K
  class space    used 1505K, committed 1600K, reserved 1048576K
}

